[debug] [2021-10-11T17:47:16.914Z] ----------------------------------------------------------------------
[debug] [2021-10-11T17:47:16.916Z] Command:       C:\Program Files\nodejs\node.exe C:\Users\HA PHAN\AppData\Roaming\npm\node_modules\firebase-tools\lib\bin\firebase.js init
[debug] [2021-10-11T17:47:16.917Z] CLI Version:   9.20.0
[debug] [2021-10-11T17:47:16.917Z] Platform:      win32
[debug] [2021-10-11T17:47:16.917Z] Node Version:  v14.17.5
[debug] [2021-10-11T17:47:16.918Z] Time:          Tue Oct 12 2021 00:47:16 GMT+0700 (Indochina Time)
[debug] [2021-10-11T17:47:16.918Z] ----------------------------------------------------------------------
[debug] 
[debug] [2021-10-11T17:47:16.989Z] > command requires scopes: ["email","openid","https://www.googleapis.com/auth/cloudplatformprojects.readonly","https://www.googleapis.com/auth/firebase","https://www.googleapis.com/auth/cloud-platform"]
[debug] [2021-10-11T17:47:16.990Z] > authorizing via signed-in user (nhatnamvstt@gmail.com)
[info] 
     ######## #### ########  ######## ########     ###     ######  ########
     ##        ##  ##     ## ##       ##     ##  ##   ##  ##       ##
     ######    ##  ########  ######   ########  #########  ######  ######
     ##        ##  ##    ##  ##       ##     ## ##     ##       ## ##
     ##       #### ##     ## ######## ########  ##     ##  ######  ########

You're about to initialize a Firebase project in this directory:

  D:\Nam_Data\cyberSoft\React_Project\BC12_MovieTicketBooking

Before we get started, keep in mind:

  * You are initializing within an existing Firebase project directory

[info] 
=== Project Setup
[info] 
[info] First, let's associate this project directory with a Firebase project.
[info] You can create multiple project aliases by running firebase use --add, 
[info] but for now we'll just set up a default project.
[info] 
[info] i  .firebaserc already has a default project, using movieticket-306d3. 
[debug] [2021-10-11T17:47:37.713Z] >>> [apiv2][query] GET https://firebase.googleapis.com/v1beta1/projects/movieticket-306d3 [none]
[debug] [2021-10-11T17:47:38.525Z] <<< [apiv2][status] GET https://firebase.googleapis.com/v1beta1/projects/movieticket-306d3 200
[debug] [2021-10-11T17:47:38.525Z] <<< [apiv2][body] GET https://firebase.googleapis.com/v1beta1/projects/movieticket-306d3 {"projectId":"movieticket-306d3","projectNumber":"8683525273","displayName":"movieTicket","name":"projects/movieticket-306d3","resources":{"hostingSite":"movieticket-306d3"},"state":"ACTIVE"}
[info] 
=== Hosting Setup
[info] 
[info] Your public directory is the folder (relative to your project directory) that
[info] will contain Hosting assets to be uploaded with firebase deploy. If you
[info] have a build process for your assets, use your build's output directory.
[info] 
[debug] [2021-10-11T17:47:43.319Z] >>> [apiv2][query] GET https://www.gstatic.com/firebasejs/releases.json [none]
[debug] [2021-10-11T17:47:43.451Z] <<< [apiv2][status] GET https://www.gstatic.com/firebasejs/releases.json 200
[debug] [2021-10-11T17:47:43.452Z] <<< [apiv2][body] GET https://www.gstatic.com/firebasejs/releases.json {"current":{"version":"9.1.2","browserURL":"https://www.gstatic.com/firebasejs/9.1.2/firebase.js","packageURL":"https://www.gstatic.com/firebasejs/9.1.2/firebase.tgz"},"live":{"version":"9.1","browserURL":"https://www.gstatic.com/firebasejs/live/9.1/firebase.js","packageURL":"https://www.gstatic.com/firebasejs/live/9.1/firebase.tgz"},"components":{"analytics":"https://www.gstatic.com/firebasejs/9.1.2/firebase-analytics.js","app":"https://www.gstatic.com/firebasejs/9.1.2/firebase-app.js","app-check":"https://www.gstatic.com/firebasejs/9.1.2/firebase-app-check.js","auth":"https://www.gstatic.com/firebasejs/9.1.2/firebase-auth.js","auth/cordova":"https://www.gstatic.com/firebasejs/9.1.2/firebase-auth/cordova.js","auth/react-native":"https://www.gstatic.com/firebasejs/9.1.2/firebase-auth/react-native.js","functions":"https://www.gstatic.com/firebasejs/9.1.2/firebase-functions.js","firestore":"https://www.gstatic.com/firebasejs/9.1.2/firebase-firestore.js","firestore/lite":"https://www.gstatic.com/firebasejs/9.1.2/firebase-firestore/lite.js","storage":"https://www.gstatic.com/firebasejs/9.1.2/firebase-storage.js","performance":"https://www.gstatic.com/firebasejs/9.1.2/firebase-performance.js","remote-config":"https://www.gstatic.com/firebasejs/9.1.2/firebase-remote-config.js","messaging":"https://www.gstatic.com/firebasejs/9.1.2/firebase-messaging.js","messaging/sw":"https://www.gstatic.com/firebasejs/9.1.2/firebase-messaging/sw.js","database":"https://www.gstatic.com/firebasejs/9.1.2/firebase-database.js","firestore.memory":"https://www.gstatic.com/firebasejs/9.1.2/firebase-firestore.memory.js"}}
[info] +  Wrote build/index.html 
[info] 
[info] i  Detected a .git folder at D:\Nam_Data\cyberSoft\React_Project\BC12_MovieTicketBooking 
[info] i  Authorizing with GitHub to upload your service account to a GitHub repository's secrets store. 
[info] 
[info] Visit this URL on this device to log in:
[info] https://github.com/login/oauth/authorize?client_id=89cf50f02ac6aaed3484&state=399360075&redirect_uri=http%3A%2F%2Flocalhost%3A9005&scope=read%3Auser%20repo%20public_repo
[info] 
[info] Waiting for authentication...
[debug] [2021-10-11T17:48:07.111Z] >>> HTTP REQUEST POST https://github.com/login/oauth/access_token  
 {"client_id":"89cf50f02ac6aaed3484","client_secret":"3330d14abc895d9a74d5f17cd7a00711fa2c5bf0","code":"eb98c0a243ea8a13a8d7","redirect_uri":"http://localhost:9005","state":"399360075"}
[debug] [2021-10-11T17:48:07.555Z] <<< HTTP RESPONSE 200 {"server":"GitHub.com","date":"Mon, 11 Oct 2021 17:48:07 GMT","content-type":"application/json; charset=utf-8","transfer-encoding":"chunked","vary":"X-PJAX, X-PJAX-Container, Accept-Encoding, Accept, X-Requested-With","permissions-policy":"interest-cohort=()","etag":"W/\"1d636c97e8ecf384b8dde3d3e8c421ae\"","cache-control":"max-age=0, private, must-revalidate","strict-transport-security":"max-age=31536000; includeSubdomains; preload","x-frame-options":"deny","x-content-type-options":"nosniff","x-xss-protection":"0","referrer-policy":"origin-when-cross-origin, strict-origin-when-cross-origin","expect-ct":"max-age=2592000, report-uri=\"https://api.github.com/_private/browser/errors\"","content-security-policy":"default-src 'none'; base-uri 'self'; block-all-mixed-content; child-src github.com/assets-cdn/worker/ gist.github.com/assets-cdn/worker/; connect-src 'self' uploads.github.com objects-origin.githubusercontent.com www.githubstatus.com collector.githubapp.com api.github.com github-cloud.s3.amazonaws.com github-production-repository-file-5c1aeb.s3.amazonaws.com github-production-upload-manifest-file-7fdce7.s3.amazonaws.com github-production-user-asset-6210df.s3.amazonaws.com cdn.optimizely.com logx.optimizely.com/v1/events translator.github.com wss://alive.github.com; font-src github.githubassets.com; form-action 'self' github.com gist.github.com objects-origin.githubusercontent.com; frame-ancestors 'none'; frame-src render.githubusercontent.com viewscreen.githubusercontent.com viewscreen-lab.githubusercontent.com; img-src 'self' data: github.githubassets.com identicons.github.com collector.githubapp.com github-cloud.s3.amazonaws.com secured-user-images.githubusercontent.com/ *.githubusercontent.com; manifest-src 'self'; media-src github.com user-images.githubusercontent.com/; script-src github.githubassets.com; style-src 'unsafe-inline' github.githubassets.com; worker-src github.com/assets-cdn/worker/ gist.github.com/assets-cdn/worker/","x-github-request-id":"F575:384B:42ED37:58CE9D:616478D7"}
[debug] [2021-10-11T17:48:07.589Z] >>> [apiv2][query] GET https://api.github.com/user [none]
[debug] [2021-10-11T17:48:08.105Z] <<< [apiv2][status] GET https://api.github.com/user 200
[debug] [2021-10-11T17:48:08.106Z] <<< [apiv2][body] GET https://api.github.com/user {"login":"NhatNamVo","id":83918378,"node_id":"MDQ6VXNlcjgzOTE4Mzc4","avatar_url":"https://avatars.githubusercontent.com/u/83918378?v=4","gravatar_id":"","url":"https://api.github.com/users/NhatNamVo","html_url":"https://github.com/NhatNamVo","followers_url":"https://api.github.com/users/NhatNamVo/followers","following_url":"https://api.github.com/users/NhatNamVo/following{/other_user}","gists_url":"https://api.github.com/users/NhatNamVo/gists{/gist_id}","starred_url":"https://api.github.com/users/NhatNamVo/starred{/owner}{/repo}","subscriptions_url":"https://api.github.com/users/NhatNamVo/subscriptions","organizations_url":"https://api.github.com/users/NhatNamVo/orgs","repos_url":"https://api.github.com/users/NhatNamVo/repos","events_url":"https://api.github.com/users/NhatNamVo/events{/privacy}","received_events_url":"https://api.github.com/users/NhatNamVo/received_events","type":"User","site_admin":false,"name":null,"company":null,"blog":"","location":null,"email":null,"hireable":null,"bio":null,"twitter_username":null,"public_repos":24,"public_gists":0,"followers":1,"following":0,"created_at":"2021-05-09T16:36:46Z","updated_at":"2021-08-25T03:57:09Z","private_gists":0,"total_private_repos":0,"owned_private_repos":0,"disk_usage":70334,"collaborators":0,"two_factor_authentication":false,"plan":{"name":"free","space":976562499,"collaborators":0,"private_repos":10000}}
[info] 
[info] +  Success! Logged into GitHub as NhatNamVo 
[info] 
[debug] [2021-10-11T17:49:02.593Z] >>> [apiv2][query] GET https://api.github.com/repos/repository/actions/secrets/public-key type=owner
[debug] [2021-10-11T17:49:03.038Z] <<< [apiv2][status] GET https://api.github.com/repos/repository/actions/secrets/public-key 404
[debug] [2021-10-11T17:49:03.038Z] <<< [apiv2][body] GET https://api.github.com/repos/repository/actions/secrets/public-key {"message":"Not Found","documentation_url":"https://docs.github.com/rest"}
[debug] [2021-10-11T17:49:47.411Z] >>> [apiv2][query] GET https://api.github.com/repos/nam/actions/secrets/public-key type=owner
[debug] [2021-10-11T17:49:47.860Z] <<< [apiv2][status] GET https://api.github.com/repos/nam/actions/secrets/public-key 404
[debug] [2021-10-11T17:49:47.860Z] <<< [apiv2][body] GET https://api.github.com/repos/nam/actions/secrets/public-key {"message":"Not Found","documentation_url":"https://docs.github.com/rest"}
